[23:43:49] [main/INFO] (Launcher) ModLauncher running: args [--launchTarget, forgeserverdev, --gameDir, ., --fml.fmlVersion, 4.0.39, --fml.mcVersion, 1.21.1, --fml.neoForgeVersion, 21.1.172, --fml.neoFormVersion, 20240808.144430, nogui]
[23:43:49] [main/INFO] (Launcher) JVM identified as Oracle Corporation OpenJDK 64-Bit Server VM 22.0.2+9-70
[23:43:49] [main/INFO] (Launcher) ModLauncher 11.0.4+main.d2e20e43 starting: java version 22.0.2 by Oracle Corporation; OS Windows 11 arch amd64 version 10.0
[23:43:49] [main/INFO] (ImmediateWindowHandler) ImmediateWindowProvider not loading because launch target is forgeserverdev
[23:43:49] [main/INFO] (mixin) SpongePowered MIXIN Subsystem Version=0.8.7 Source=union:/C:/Users/Aidan/.gradle/caches/modules-2/files-2.1/net.fabricmc/sponge-mixin/0.15.2+mixin.0.8.7/2af2f021d8e02a0220dc27a7a72b4666d66d44ca/sponge-mixin-0.15.2+mixin.0.8.7.jar%23125!/ Service=ModLauncher Env=SERVER
[23:43:49] [main/INFO] (ModDiscoverer) Found mod file "neoforge-21.1.172-minecraft-merged-c8bcd81ab4-1.21.1-loom.mappings.1_21_1.layered+hash.729439609-v2-neoforge-21.1.172.jar" [locator: neoforge devenv provider ([C:\Users\Aidan\IdeaProjects\StarWarsMod\.gradle\loom-cache\minecraftMaven\net\minecraft\neoforge-21.1.172-minecraft-merged-c8bcd81ab4\1.21.1-loom.mappings.1_21_1.layered+hash.729439609-v2-neoforge-21.1.172\neoforge-21.1.172-minecraft-merged-c8bcd81ab4-1.21.1-loom.mappings.1_21_1.layered+hash.729439609-v2-neoforge-21.1.172.jar])]
[23:43:49] [main/INFO] (ModDiscoverer) Found mod file "neoforge-21.1.172-minecraft-merged-c8bcd81ab4-1.21.1-loom.mappings.1_21_1.layered+hash.729439609-v2-neoforge-21.1.172.jar" [locator: neoforge devenv provider ([C:\Users\Aidan\IdeaProjects\StarWarsMod\.gradle\loom-cache\minecraftMaven\net\minecraft\neoforge-21.1.172-minecraft-merged-c8bcd81ab4\1.21.1-loom.mappings.1_21_1.layered+hash.729439609-v2-neoforge-21.1.172\neoforge-21.1.172-minecraft-merged-c8bcd81ab4-1.21.1-loom.mappings.1_21_1.layered+hash.729439609-v2-neoforge-21.1.172.jar])]
[23:43:49] [main/INFO] (ModDiscoverer) Found mod file "main" [locator: userdev mods and services, reader: mod manifest]
[23:43:49] [main/INFO] (ModDiscoverer) Found mod file "neoforge-21.1.172-minecraft-merged-c8bcd81ab4-1.21.1-loom.mappings.1_21_1.layered+hash.729439609-v2-neoforge-21.1.172.jar" [locator: userdev mods and services, reader: mod manifest]
[23:43:49] [main/INFO] (ModDiscoverer) Found mod file "architectury-neoforge-13.0.8.jar" [locator: userdev mods and services, reader: mod manifest]
[23:43:49] [main/INFO] (ModDiscoverer) Found mod file "15268058579329432317.jar" [locator: userdev mods and services, reader: mod manifest]
[23:43:49] [main/INFO] (ModDiscoverer) Found gamelibrary file "mixinextras-neoforge-0.4.1.jar" [locator: userdev mods and services, reader: mod manifest]
[23:43:49] [main/WARN] (JarSelector) Attempted to select a dependency jar for JarJar which was passed in as source: library:mixinextras.neoforge. Using Mod File: C:\Users\Aidan\.gradle\caches\modules-2\files-2.1\io.github.llamalad7\mixinextras-neoforge\0.4.1\eff97772ecd0dcf8e52cdbafd3b3ccec425f8314\mixinextras-neoforge-0.4.1.jar
[23:43:49] [main/INFO] (JarInJarDependencyLocator) Found 1 dependencies adding them to mods collection
[23:43:49] [main/INFO] (ModDiscoverer) Found library file "net.neoforged.neoforge-coremods-21.1.172.jar" [parent: neoforge-21.1.172-minecraft-merged-c8bcd81ab4-1.21.1-loom.mappings.1_21_1.layered+hash.729439609-v2-neoforge-21.1.172.jar, locator: jarinjar, reader: mod manifest]
[23:43:49] [main/INFO] (ModDiscoverer) 
     Mod List:
		Name Version (Mod Id)

		Architectury 13.0.8 (architectury)
		generated_04c4045 1 (generated_04c4045)
		Minecraft 1.21.1 (minecraft)
		NeoForge 21.1.172 (neoforge)
		Star Wars Mod 2.0.1 (swm)
[23:43:50] [main/INFO] (mixin) Compatibility level set to JAVA_21
[23:43:50] [main/INFO] (LaunchServiceHandler) Launching target 'forgeserverdev' with arguments [--gameDir, ., nogui]
[23:43:50] [main/INFO] (unprotect) Found 8254 Minecraft classes
[16Jun2025 23:43:51.972] [main/INFO] [MixinExtras|Service/]: Initializing MixinExtras via com.llamalad7.mixinextras.service.MixinExtrasServiceImpl(version=0.4.1).
[16Jun2025 23:43:58.586] [main/WARN] [net.minecraft.commands.Commands/]: Ambiguity between arguments [teleport, location] and [teleport, destination] with inputs: [0.1 -0.5 .9, 0 0 0]
[16Jun2025 23:43:58.587] [main/WARN] [net.minecraft.commands.Commands/]: Ambiguity between arguments [teleport, location] and [teleport, targets] with inputs: [0.1 -0.5 .9, 0 0 0]
[16Jun2025 23:43:58.591] [main/WARN] [net.minecraft.commands.Commands/]: Ambiguity between arguments [teleport, destination] and [teleport, targets] with inputs: [Player, 0123, @e, dd12be42-52a9-4a91-a8a1-11c01849e498]
[16Jun2025 23:43:58.591] [main/WARN] [net.minecraft.commands.Commands/]: Ambiguity between arguments [teleport, targets] and [teleport, destination] with inputs: [Player, 0123, dd12be42-52a9-4a91-a8a1-11c01849e498]
[16Jun2025 23:43:58.592] [main/WARN] [net.minecraft.commands.Commands/]: Ambiguity between arguments [teleport, targets, location] and [teleport, targets, destination] with inputs: [0.1 -0.5 .9, 0 0 0]
[16Jun2025 23:43:58.665] [modloading-worker-0/INFO] [net.neoforged.neoforge.common.NeoForgeMod/NEOFORGE-MOD]: NeoForge mod loading, version 21.1.172, for MC 1.21.1
[16Jun2025 23:43:59.666] [main/INFO] [com.mojang.authlib.yggdrasil.YggdrasilAuthenticationService/]: Environment: Environment[sessionHost=https://sessionserver.mojang.com, servicesHost=https://api.minecraftservices.com, name=PROD]
[16Jun2025 23:43:59.766] [main/WARN] [net.neoforged.neoforge.common.CommonHooks/WP]: The following mods have version differences that were not resolved:
generated_55431e5 (version 1 -> MISSING)
Things may not work well.
[16Jun2025 23:43:59.781] [main/WARN] [net.minecraft.server.packs.VanillaPackResourcesBuilder/]: Assets URL 'union:/C:/Users/Aidan/IdeaProjects/StarWarsMod/.gradle/loom-cache/minecraftMaven/net/minecraft/neoforge-21.1.172-minecraft-merged-c8bcd81ab4/1.21.1-loom.mappings.1_21_1.layered+hash.729439609-v2-neoforge-21.1.172/neoforge-21.1.172-minecraft-merged-c8bcd81ab4-1.21.1-loom.mappings.1_21_1.layered+hash.729439609-v2-neoforge-21.1.172.jar%23198!/assets/.mcassetsroot' uses unexpected schema
[16Jun2025 23:43:59.781] [main/WARN] [net.minecraft.server.packs.VanillaPackResourcesBuilder/]: Assets URL 'union:/C:/Users/Aidan/IdeaProjects/StarWarsMod/.gradle/loom-cache/minecraftMaven/net/minecraft/neoforge-21.1.172-minecraft-merged-c8bcd81ab4/1.21.1-loom.mappings.1_21_1.layered+hash.729439609-v2-neoforge-21.1.172/neoforge-21.1.172-minecraft-merged-c8bcd81ab4-1.21.1-loom.mappings.1_21_1.layered+hash.729439609-v2-neoforge-21.1.172.jar%23198!/data/.mcassetsroot' uses unexpected schema
[16Jun2025 23:44:00.997] [main/INFO] [net.minecraft.world.item.crafting.RecipeManager/]: Loaded 1290 recipes
[16Jun2025 23:44:01.176] [main/INFO] [net.minecraft.advancements.AdvancementTree/]: Loaded 1399 advancements
[16Jun2025 23:44:01.679] [Server thread/INFO] [net.minecraft.server.dedicated.DedicatedServer/]: Starting minecraft server version 1.21.1
[16Jun2025 23:44:01.679] [Server thread/INFO] [net.minecraft.server.dedicated.DedicatedServer/]: Loading properties
[16Jun2025 23:44:01.680] [Server thread/INFO] [net.minecraft.server.dedicated.DedicatedServer/]: Default game type: SURVIVAL
[16Jun2025 23:44:01.680] [Server thread/INFO] [net.minecraft.server.MinecraftServer/]: Generating keypair
[16Jun2025 23:44:01.752] [Server thread/INFO] [net.minecraft.server.dedicated.DedicatedServer/]: Starting Minecraft server on *:25565
[16Jun2025 23:44:01.812] [Server thread/INFO] [net.minecraft.server.network.ServerConnectionListener/]: Using default channel type
[16Jun2025 23:44:01.850] [Server thread/WARN] [net.minecraft.server.dedicated.DedicatedServer/]: **** SERVER IS RUNNING IN OFFLINE/INSECURE MODE!
[16Jun2025 23:44:01.850] [Server thread/WARN] [net.minecraft.server.dedicated.DedicatedServer/]: The server will make no attempt to authenticate usernames. Beware.
[16Jun2025 23:44:01.850] [Server thread/WARN] [net.minecraft.server.dedicated.DedicatedServer/]: While this makes the game possible to play without internet access, it also opens up the ability for hackers to connect with any username they choose.
[16Jun2025 23:44:01.850] [Server thread/WARN] [net.minecraft.server.dedicated.DedicatedServer/]: To change this, set "online-mode" to "true" in the server.properties file.
[16Jun2025 23:44:01.889] [Server thread/INFO] [net.minecraft.server.dedicated.DedicatedServer/]: Preparing level "world"
[16Jun2025 23:44:03.006] [Server thread/INFO] [net.minecraft.server.MinecraftServer/]: Preparing start region for dimension minecraft:overworld
[16Jun2025 23:44:03.329] [worldgen/INFO] [net.minecraft.server.level.progress.LoggerChunkProgressListener/]: Preparing spawn area: 0%
[16Jun2025 23:44:03.438] [Server thread/INFO] [net.minecraft.server.level.progress.LoggerChunkProgressListener/]: Time elapsed: 431 ms
[16Jun2025 23:44:03.438] [Server thread/INFO] [net.minecraft.server.dedicated.DedicatedServer/]: Done (1.575s)! For help, type "help"
[16Jun2025 23:44:03.472] [Server thread/INFO] [net.neoforged.neoforge.gametest.GameTestHooks/]: Enabled Gametest Namespaces: []
[16Jun2025 23:44:03.478] [Server thread/INFO] [net.neoforged.neoforge.server.permission.PermissionAPI/]: Successfully initialized permission handler neoforge:default_handler
[16Jun2025 23:44:12.903] [Server thread/INFO] [net.minecraft.server.players.PlayerList/]: Dev[/192.168.1.238:63973] logged in with entity id 83 at (1.358046264638851, 67.0, 20.412302968677146)
[16Jun2025 23:44:12.991] [Server thread/INFO] [net.minecraft.server.MinecraftServer/]: Dev joined the game
[16Jun2025 23:44:13.264] [Server thread/WARN] [net.minecraft.world.level.entity.PersistentEntitySectionManager/]: UUID of added entity already exists: Chicken['Chicken'/95, l='ServerLevel[world]', x=65.57, y=71.00, z=25.14]
[16Jun2025 23:44:13.365] [Server thread/WARN] [net.minecraft.world.level.entity.PersistentEntitySectionManager/]: UUID of added entity already exists: Bat['Bat'/120, l='ServerLevel[world]', x=-53.25, y=18.18, z=2.25]
[16Jun2025 23:44:13.365] [Server thread/WARN] [net.minecraft.world.level.entity.PersistentEntitySectionManager/]: UUID of added entity already exists: Zombie['Zombie'/121, l='ServerLevel[world]', x=-54.25, y=-25.00, z=8.52]
[16Jun2025 23:44:13.366] [Server thread/WARN] [net.minecraft.world.level.entity.PersistentEntitySectionManager/]: UUID of added entity already exists: Bee['Bee'/125, l='ServerLevel[world]', x=89.70, y=71.57, z=11.06]
[16Jun2025 23:44:43.483] [Server thread/INFO] [net.minecraft.server.network.ServerGamePacketListenerImpl/]: Dev lost connection: Disconnected
[16Jun2025 23:44:43.483] [Server thread/INFO] [net.minecraft.server.MinecraftServer/]: Dev left the game
[16Jun2025 23:45:03.298] [Server thread/INFO] [net.minecraft.server.players.PlayerList/]: Dev[/192.168.1.238:63994] logged in with entity id 186 at (1.358046264638851, 67.0, 20.412302968677146)
[16Jun2025 23:45:03.304] [Server thread/INFO] [net.minecraft.server.MinecraftServer/]: Dev joined the game
 name=PROD]
[16Jun2025 23:44:02.521] [Render thread/INFO] [net.minecraft.client.Minecraft/]: Setting user: Dev
[16Jun2025 23:44:02.598] [Render thread/INFO] [net.minecraft.client.Minecraft/]: Backend library: LWJGL version 3.3.3+5
[16Jun2025 23:44:03.019] [modloading-worker-0/INFO] [net.neoforged.neoforge.common.NeoForgeMod/NEOFORGE-MOD]: NeoForge mod loading, version 21.1.172, for MC 1.21.1
[16Jun2025 23:44:04.123] [Render thread/INFO] [net.neoforged.neoforge.gametest.GameTestHooks/]: Enabled Gametest Namespaces: []
[16Jun2025 23:44:04.309] [Render thread/INFO] [net.minecraft.server.packs.resources.ReloadableResourceManager/]: Reloading ResourceManager: vanilla, mod_resources, mod/architectury, mod/swm, mod/generated_21d4e3c, mod/neoforge
[16Jun2025 23:44:04.389] [Worker-Main-5/INFO] [net.minecraft.client.gui.font.providers.UnihexProvider/]: Found unifont_all_no_pua-15.1.05.hex, loading
[16Jun2025 23:44:04.484] [Worker-Main-10/INFO] [net.minecraft.client.gui.font.providers.UnihexProvider/]: Found unifont_jp_patch-15.1.05.hex, loading
[16Jun2025 23:44:04.508] [Worker-Main-7/ERROR] [net.minecraft.client.renderer.texture.atlas.SpriteResourceLoader/]: Using missing texture, unable to load swm:item/red
java.io.IOException: Bad PNG Signature
	at TRANSFORMER/minecraft@1.21.1/net.minecraft.util.PngInfo.validateHeader(PngInfo.java:44) ~[neoforge-21.1.172-minecraft-merged-c8bcd81ab4-1.21.1-loom.mappings.1_21_1.layered+hash.729439609-v2-neoforge-21.1.172.jar%23198!/:?]
	at TRANSFORMER/minecraft@1.21.1/com.mojang.blaze3d.platform.NativeImage.read(NativeImage.java:139) ~[neoforge-21.1.172-minecraft-merged-c8bcd81ab4-1.21.1-loom.mappings.1_21_1.layered+hash.729439609-v2-neoforge-21.1.172.jar%23198!/:?]
	at TRANSFORMER/minecraft@1.21.1/com.mojang.blaze3d.platform.NativeImage.read(NativeImage.java:111) ~[neoforge-21.1.172-minecraft-merged-c8bcd81ab4-1.21.1-loom.mappings.1_21_1.layered+hash.729439609-v2-neoforge-21.1.172.jar%23198!/:?]
	at TRANSFORMER/minecraft@1.21.1/com.mojang.blaze3d.platform.NativeImage.read(NativeImage.java:102) ~[neoforge-21.1.172-minecraft-merged-c8bcd81ab4-1.21.1-loom.mappings.1_21_1.layered+hash.729439609-v2-neoforge-21.1.172.jar%23198!/:?]
	at TRANSFORMER/minecraft@1.21.1/net.minecraft.client.renderer.texture.atlas.SpriteResourceLoader.lambda$create$0(SpriteResourceLoader.java:38) ~[neoforge-21.1.172-minecraft-merged-c8bcd81ab4-1.21.1-loom.mappings.1_21_1.layered+hash.729439609-v2-neoforge-21.1.172.jar%23198!/:?]
	at TRANSFORMER/minecraft@1.21.1/net.minecraft.client.renderer.texture.atlas.SpriteResourceLoader.loadSprite(SpriteResourceLoader.java:66) ~[neoforge-21.1.172-minecraft-merged-c8bcd81ab4-1.21.1-loom.mappings.1_21_1.layered+hash.729439609-v2-neoforge-21.1.172.jar%23198!/:?]
	at TRANSFORMER/minecraft@1.21.1/net.minecraft.client.renderer.texture.atlas.SpriteSource$Output.method_47675(SpriteSource.java:21) ~[neoforge-21.1.172-minecraft-merged-c8bcd81ab4-1.21.1-loom.mappings.1_21_1.layered+hash.729439609-v2-neoforge-21.1.172.jar%23198!/:?]
	at TRANSFORMER/minecraft@1.21.1/net.minecraft.client.renderer.texture.SpriteLoader.method_52850(SpriteLoader.java:118) ~[neoforge-21.1.172-minecraft-merged-c8bcd81ab4-1.21.1-loom.mappings.1_21_1.layered+hash.729439609-v2-neoforge-21.1.172.jar%23198!/:?]
	at java.base/java.util.concurrent.CompletableFuture$AsyncSupply.run$$$capture(CompletableFuture.java:1768) [?:?]
	at java.base/java.util.concurrent.CompletableFuture$AsyncSupply.run(CompletableFuture.java) [?:?]
	at java.base/java.util.concurrent.CompletableFuture$AsyncSupply.exec(CompletableFuture.java:1760) [?:?]
	at java.base/java.util.concurrent.ForkJoinTask.doExec$$$capture(ForkJoinTask.java:507) [?:?]
	at java.base/java.util.concurrent.ForkJoinTask.doExec(ForkJoinTask.java) [?:?]
	at java.base/java.util.concurrent.ForkJoinPool$WorkQueue.topLevelExec(ForkJoinPool.java:1489) [?:?]
	at java.base/java.util.concurrent.ForkJoinPool.scan(ForkJoinPool.java:2071) [?:?]
	at java.base/java.util.concurrent.ForkJoinPool.runWorker(ForkJoinPool.java:2033) [?:?]
	at java.base/java.util.concurrent.ForkJoinWorkerThread.run(ForkJoinWorkerThread.java:187) [?:?]
[16Jun2025 23:44:04.572] [Worker-Main-3/WARN] [net.minecraft.client.renderer.texture.SpriteLoader/]: Texture swm:item/metal with size 65x65 limits mip level from 4 to 0
[16Jun2025 23:44:05.346] [Worker-Main-6/WARN] [net.minecraft.client.resources.model.ModelManager/]: Missing textures in model swm:lightsaber#inventory:
    minecraft:textures/atlas/blocks.png:swm:item/blades/white
[16Jun2025 23:44:05.500] [Render thread/WARN] [net.minecraft.client.sounds.SoundEngine/]: Missing sound for event: minecraft:item.goat_horn.play
[16Jun2025 23:44:05.500] [Render thread/WARN] [net.minecraft.client.sounds.SoundEngine/]: Missing sound for event: minecraft:entity.goat.screaming.horn_break
[16Jun2025 23:44:05.549] [Render thread/INFO] [com.mojang.blaze3d.audio.Library/]: OpenAL initialized on device OpenAL Soft on Headphones (High Definition Audio Device)
[16Jun2025 23:44:05.550] [Render thread/INFO] [net.minecraft.client.sounds.SoundEngine/SOUNDS]: Sound engine started
[16Jun2025 23:44:05.633] [Render thread/INFO] [net.minecraft.client.renderer.texture.TextureAtlas/]: Created: 2048x1024x4 minecraft:textures/atlas/blocks.png-atlas
[16Jun2025 23:44:05.643] [Render thread/INFO] [net.minecraft.client.renderer.texture.TextureAtlas/]: Created: 256x256x4 minecraft:textures/atlas/signs.png-atlas
[16Jun2025 23:44:05.644] [Render thread/INFO] [net.minecraft.client.renderer.texture.TextureAtlas/]: Created: 512x512x4 minecraft:textures/atlas/shield_patterns.png-atlas
[16Jun2025 23:44:05.644] [Render thread/INFO] [net.minecraft.client.renderer.texture.TextureAtlas/]: Created: 512x512x4 minecraft:textures/atlas/banner_patterns.png-atlas
[16Jun2025 23:44:05.645] [Render thread/INFO] [net.minecraft.client.renderer.texture.TextureAtlas/]: Created: 1024x1024x4 minecraft:textures/atlas/armor_trims.png-atlas
[16Jun2025 23:44:05.648] [Render thread/INFO] [net.minecraft.client.renderer.texture.TextureAtlas/]: Created: 256x256x4 minecraft:textures/atlas/chest.png-atlas
[16Jun2025 23:44:05.648] [Render thread/INFO] [net.minecraft.client.renderer.texture.TextureAtlas/]: Created: 128x64x4 minecraft:textures/atlas/decorated_pot.png-atlas
[16Jun2025 23:44:05.648] [Render thread/INFO] [net.minecraft.client.renderer.texture.TextureAtlas/]: Created: 512x256x4 minecraft:textures/atlas/beds.png-atlas
[16Jun2025 23:44:05.649] [Render thread/INFO] [net.minecraft.client.renderer.texture.TextureAtlas/]: Created: 512x256x4 minecraft:textures/atlas/shulker_boxes.png-atlas
[16Jun2025 23:44:05.723] [Render thread/INFO] [net.minecraft.client.renderer.texture.TextureAtlas/]: Created: 512x256x0 minecraft:textures/atlas/particles.png-atlas
[16Jun2025 23:44:05.724] [Render thread/INFO] [net.minecraft.client.renderer.texture.TextureAtlas/]: Created: 512x256x0 minecraft:textures/atlas/paintings.png-atlas
[16Jun2025 23:44:05.725] [Render thread/INFO] [net.minecraft.client.renderer.texture.TextureAtlas/]: Created: 256x128x0 minecraft:textures/atlas/mob_effects.png-atlas
[16Jun2025 23:44:05.725] [Render thread/INFO] [net.minecraft.client.renderer.texture.TextureAtlas/]: Created: 64x64x0 minecraft:textures/atlas/map_decorations.png-atlas
[16Jun2025 23:44:05.725] [Render thread/INFO] [net.minecraft.client.renderer.texture.TextureAtlas/]: Created: 1024x512x0 minecraft:textures/atlas/gui.png-atlas
[16Jun2025 23:44:05.745] [Render thread/WARN] [net.minecraft.client.renderer.ShaderInstance/]: Shader rendertype_entity_translucent_emissive could not find sampler named Sampler2 in the specified shader program.
[16Jun2025 23:44:05.789] [Render thread/INFO] [net.neoforged.neoforge.client.entity.animation.json.AnimationLoader/]: Loaded 0 entity animations
[16Jun2025 23:44:11.624] [Render thread/INFO] [net.minecraft.client.gui.screens.ConnectScreen/]: Connecting to 192.168.1.238, 25565
[16Jun2025 23:44:50.608] [Netty Client IO #0/ERROR] [net.minecraft.network.Connection/]: Exception caught in connection
java.net.SocketException: Connection reset
	at java.base/sun.nio.ch.SocketChannelImpl.throwConnectionReset(SocketChannelImpl.java:403) ~[?:?]
	at java.base/sun.nio.ch.SocketChannelImpl.implRead(SocketChannelImpl.java:435) ~[?:?]
	at java.base/sun.nio.ch.SocketChannelImpl.read(SocketChannelImpl.java:493) ~[?:?]
	at MC-BOOTSTRAP/io.netty.buffer@4.1.97.Final/io.netty.buffer.PooledByteBuf.setBytes(PooledByteBuf.java:254) ~[netty-buffer-4.1.97.Final.jar%23171!/:4.1.97.Final]
	at MC-BOOTSTRAP/io.netty.buffer@4.1.97.Final/io.netty.buffer.AbstractByteBuf.writeBytes(AbstractByteBuf.java:1132) ~[netty-buffer-4.1.97.Final.jar%23171!/:4.1.97.Final]
	at MC-BOOTSTRAP/io.netty.transport@4.1.97.Final/io.netty.channel.socket.nio.NioSocketChannel.doReadBytes(NioSocketChannel.java:357) ~[netty-transport-4.1.97.Final.jar%23178!/:4.1.97.Final]
	at MC-BOOTSTRAP/io.netty.transport@4.1.97.Final/io.netty.channel.nio.AbstractNioByteChannel$NioByteUnsafe.read(AbstractNioByteChannel.java:151) ~[netty-transport-4.1.97.Final.jar%23178!/:4.1.97.Final]
	at MC-BOOTSTRAP/io.netty.transport@4.1.97.Final/io.netty.channel.nio.NioEventLoop.processSelectedKey(NioEventLoop.java:788) ~[netty-transport-4.1.97.Final.jar%23178!/:4.1.97.Final]
	at MC-BOOTSTRAP/io.netty.transport@4.1.97.Final/io.netty.channel.nio.NioEventLoop.processSelectedKeysOptimized(NioEventLoop.java:724) ~[netty-transport-4.1.97.Final.jar%23178!/:4.1.97.Final]
	at MC-BOOTSTRAP/io.netty.transport@4.1.97.Final/io.netty.channel.nio.NioEventLoop.processSelectedKeys(NioEventLoop.java:650) ~[netty-transport-4.1.97.Final.jar%23178!/:4.1.97.Final]
	at MC-BOOTSTRAP/io.netty.transport@4.1.97.Final/io.netty.channel.nio.NioEventLoop.run(NioEventLoop.java:562) ~[netty-transport-4.1.97.Final.jar%23178!/:4.1.97.Final]
	at MC-BOOTSTRAP/io.netty.common@4.1.97.Final/io.netty.util.concurrent.SingleThreadEventExecutor$4.run(SingleThreadEventExecutor.java:997) ~[netty-common-4.1.97.Final.jar%23173!/:4.1.97.Final]
	at MC-BOOTSTRAP/io.netty.common@4.1.97.Final/io.netty.util.internal.ThreadExecutorMap$2.run(ThreadExecutorMap.java:74) ~[netty-common-4.1.97.Final.jar%23173!/:4.1.97.Final]
	at java.base/java.lang.Thread.run(Thread.java:1570) [?:?]
[16Jun2025 23:44:55.651] [Render thread/INFO] [net.minecraft.advancements.AdvancementTree/]: Loaded 2 advancements
[16Jun2025 23:44:55.699] [Netty Client IO #0/ERROR] [net.minecraft.CrashReport/]: Negative index in crash report handler (14/21)
[16Jun2025 23:44:55.706] [Netty Client IO #0/FATAL] [net.neoforged.neoforge.common.NeoForgeMod/]: Preparing crash report with UUID cbe13e3c-373b-4006-96d6-d385e605c48a
[16Jun2025 23:44:55.937] [Render thread/WARN] [net.minecraft.client.multiplayer.ClientCommonPacketListenerImpl/]: Client disconnected with reason: Internal Exception: java.net.SocketException: Connection reset
[16Jun2025 23:45:02.844] [Render thread/INFO] [net.minecraft.client.gui.screens.ConnectScreen/]: Connecting to 192.168.1.238, 25565
[16Jun2025 23:45:02.945] [Render thread/WARN] [net.neoforged.fml.config.ConfigTracker/]: Overwriting non-null config LoadedConfig[config=SynchronizedConfig{DataHolder:{removeErroringBlockEntities=false, removeErroringEntities=false, fullBoundingBoxLadders=false, permissionHandler=neoforge:default_handler, advertiseDedicatedServerToLan=true}}, path=null, modConfig=net.neoforged.fml.config.ModConfig@3e9a3959] at path neoforge-server.toml with synced config
[16Jun2025 23:45:03.511] [Render thread/INFO] [net.minecraft.advancements.AdvancementTree/]: Loaded 2 advancements
