[19:27:29] [main/INFO] (FabricLoader/GameProvider) Loading Minecraft 1.21.1 with Fabric Loader 0.16.14
[19:27:29] [main/INFO] (FabricLoader) Loading 57 mods:
	- architectury 13.0.8
	- fabric-api 0.116.1+1.21.1
	- fabric-api-base 0.4.42+6573ed8c19
	- fabric-api-lookup-api-v1 1.6.71+b559734419
	- fabric-biome-api-v1 13.0.31+d527f9fd19
	- fabric-block-api-v1 1.1.0+0bc3503219
	- fabric-block-view-api-v2 1.0.11+ebb2264e19
	- fabric-blockrenderlayer-v1 1.1.52+0af3f5a719
	- fabric-client-tags-api-v1 1.1.15+6573ed8c19
	- fabric-command-api-v1 1.2.49+f71b366f19
	- fabric-command-api-v2 2.2.28+6ced4dd919
	- fabric-commands-v0 0.2.66+df3654b319
	- fabric-content-registries-v0 8.0.19+b559734419
	- fabric-convention-tags-v1 2.1.5+7f945d5b19
	- fabric-convention-tags-v2 2.11.1+a406e79519
	- fabric-crash-report-info-v1 0.2.29+0af3f5a719
	- fabric-data-attachment-api-v1 1.4.5+6116a37819
	- fabric-data-generation-api-v1 20.2.29+16c4ae2519
	- fabric-dimensions-v1 4.0.0+6fc22b9919
	- fabric-entity-events-v1 1.8.0+2b27e0a419
	- fabric-events-interaction-v0 0.7.13+ba9dae0619
	- fabric-game-rule-api-v1 1.0.53+6ced4dd919
	- fabric-gametest-api-v1 2.0.5+6fc22b9919
	- fabric-item-api-v1 11.1.1+d5debaed19
	- fabric-item-group-api-v1 4.1.7+def88e3a19
	- fabric-key-binding-api-v1 1.0.47+0af3f5a719
	- fabric-keybindings-v0 0.2.45+df3654b319
	- fabric-lifecycle-events-v1 2.6.0+0865547519
	- fabric-loot-api-v2 3.0.15+3f89f5a519
	- fabric-loot-api-v3 1.0.3+3f89f5a519
	- fabric-message-api-v1 6.0.14+8aaf3aca19
	- fabric-model-loading-api-v1 2.0.0+fe474d6b19
	- fabric-networking-api-v1 4.3.0+c7469b2119
	- fabric-object-builder-api-v1 15.2.1+40875a9319
	- fabric-particles-v1 4.0.2+6573ed8c19
	- fabric-recipe-api-v1 5.0.14+248df81c19
	- fabric-registry-sync-v0 5.2.0+34f5d91419
	- fabric-renderer-api-v1 3.4.0+c705a49c19
	- fabric-renderer-indigo 1.7.0+c705a49c19
	- fabric-renderer-registries-v1 3.2.68+df3654b319
	- fabric-rendering-data-attachment-v1 0.3.49+73761d2e19
	- fabric-rendering-fluids-v1 3.1.6+1daea21519
	- fabric-rendering-v0 1.1.71+df3654b319
	- fabric-rendering-v1 5.0.5+df16efd019
	- fabric-resource-conditions-api-v1 4.3.0+8dc279b119
	- fabric-resource-loader-v0 1.3.1+5b5275af19
	- fabric-screen-api-v1 2.0.25+8b68f1c719
	- fabric-screen-handler-api-v1 1.3.88+b559734419
	- fabric-sound-api-v1 1.0.23+6573ed8c19
	- fabric-transfer-api-v1 5.4.3+c24bd99419
	- fabric-transitive-access-wideners-v1 6.2.0+45b9699719
	- fabricloader 0.16.14
	- generated_f2c10ce 1.0.0
	- java 22
	- minecraft 1.21.1
	- mixinextras 0.4.1
	- swm 2.0.1
[19:27:30] [main/INFO] (FabricLoader/Mixin) SpongePowered MIXIN Subsystem Version=0.8.7 Source=file:/C:/Users/Aidan/.gradle/caches/modules-2/files-2.1/net.fabricmc/sponge-mixin/0.15.5+mixin.0.8.7/22f9eb729e216a091673a574a5906dc1b9027fb3/sponge-mixin-0.15.5+mixin.0.8.7.jar Service=Knot/Fabric Env=CLIENT
[19:27:30] [main/INFO] (FabricLoader/Mixin) Loaded Fabric development mappings for mixin remapper!
[19:27:30] [main/INFO] (FabricLoader/Mixin) Compatibility level set to JAVA_17
[19:27:30] [main/INFO] (FabricLoader/Mixin) Compatibility level set to JAVA_21
[19:27:31] [main/INFO] (FabricLoader/MixinExtras|Service) Initializing MixinExtras via com.llamalad7.mixinextras.service.MixinExtrasServiceImpl(version=0.4.1).
[19:27:32] [Datafixer Bootstrap/INFO] (Minecraft) 226 Datafixer optimizations took 409 milliseconds
[19:27:36] [Render thread/INFO] (Minecraft) Environment: Environment[sessionHost=https://sessionserver.mojang.com, servicesHost=https://api.minecraftservices.com, name=PROD]
[19:27:36] [Render thread/INFO] (Minecraft) Setting user: Player834
[19:27:37] [Render thread/ERROR] (Minecraft) No data fixer registered for throw_lightsaber
[19:27:37] [Render thread/INFO] (NetworkManagerImpl) Registering C2S receiver with id swm:toggle_lightsaber
[19:27:37] [Render thread/INFO] (NetworkManagerImpl) Registering C2S receiver with id swm:throw_lightsaber
[19:27:37] [Render thread/INFO] (NetworkManagerImpl) Registering C2S receiver with id swm:sync_resource_data
[19:27:37] [Render thread/INFO] (Indigo) [Indigo] Registering Indigo renderer!
[19:27:37] [Render thread/INFO] (NetworkManagerImpl) Registering S2C receiver with id architectury:spawn_entity_packet
[19:27:37] [Render thread/INFO] (Minecraft) Backend library: LWJGL version 3.3.3-snapshot
[19:27:38] [Render thread/INFO] (Minecraft) Reloading ResourceManager: vanilla, fabric, fabric-api, fabric-api-base, fabric-api-lookup-api-v1, fabric-biome-api-v1, fabric-block-api-v1, fabric-block-view-api-v2, fabric-blockrenderlayer-v1, fabric-client-tags-api-v1, fabric-command-api-v1, [19:27:45] [Server thread/INFO] (Minecraft) Player834 (/127.0.0.1:64438) lost connection: Disconnected
[19:28:04] [Server thread/INFO] (Minecraft) Player834 (/127.0.0.1:64447) lost connection: Disconnected
n-api-v1, fabric-dimensions-v1, fabric-entity-events-v1, fabric-events-interaction-v0, fabric-game-rule-api-v1, fabric-gametest-api-v1, fabric-item-api-v1, fabric-item-group-api-v1, fabric-key-binding-api-v1, fabric-keybindings-v0, fabric-lifecycle-events-v1, fabric-loot-api-v2, fabric-loot-api-v3, fabric-message-api-v1, fabric-model-loading-api-v1, fabric-networking-api-v1, fabric-object-builder-api-v1, fabric-particles-v1, fabric-recipe-api-v1, fabric-registry-sync-v0, fabric-renderer-api-v1, fabric-renderer-indigo, fabric-renderer-registries-v1, fabric-rendering-data-attachment-v1, fabric-rendering-fluids-v1, fabric-rendering-v0, fabric-rendering-v1, fabric-resource-conditions-api-v1, fabric-resource-loader-v0, fabric-screen-api-v1, fabric-screen-handler-api-v1, fabric-sound-api-v1, fabric-transfer-api-v1, fabric-transitive-access-wideners-v1, fabricloader, generated_f2c10ce
[19:27:38] [Worker-Main-5/INFO] (Minecraft) Found unifont_all_no_pua-15.1.05.hex, loading
[19:27:38] [Worker-Main-9/INFO] (Minecraft) Found unifont_jp_patch-15.1.05.hex, loading
[19:27:38] [Worker-Main-10/ERROR] (Minecraft) Using missing texture, unable to load swm:item/red
java.io.IOException: Bad PNG Signature
	at knot/net.minecraft.util.PngInfo.validateHeader(PngInfo.java:44) ~[minecraft-merged-ff22c23a78-1.21.1-loom.mappings.1_21_1.layered+hash.729439609-v2.jar:?]
	at knot/com.mojang.blaze3d.platform.NativeImage.read(NativeImage.java:139) ~[minecraft-merged-ff22c23a78-1.21.1-loom.mappings.1_21_1.layered+hash.729439609-v2.jar:?]
	at knot/com.mojang.blaze3d.platform.NativeImage.read(NativeImage.java:111) ~[minecraft-merged-ff22c23a78-1.21.1-loom.mappings.1_21_1.layered+hash.729439609-v2.jar:?]
	at knot/com.mojang.blaze3d.platform.NativeImage.read(NativeImage.java:102) ~[minecraft-merged-ff22c23a78-1.21.1-loom.mappings.1_21_1.layered+hash.729439609-v2.jar:?]
	at knot/net.minecraft.client.renderer.texture.atlas.SpriteResourceLoader.method_52851(SpriteResourceLoader.java:36) ~[minecraft-merged-ff22c23a78-1.21.1-loom.mappings.1_21_1.layered+hash.729439609-v2.jar:?]
	at knot/net.minecraft.client.renderer.texture.atlas.SpriteSource$Output.method_47675(SpriteSource.java:21) ~[minecraft-merged-ff22c23a78-1.21.1-loom.mappings.1_21_1.layered+hash.729439609-v2.jar:?]
	at knot/net.minecraft.client.renderer.texture.SpriteLoader.method_52850(SpriteLoader.java:107) ~[minecraft-merged-ff22c23a78-1.21.1-loom.mappings.1_21_1.layered+hash.729439609-v2.jar:?]
	at java.base/java.util.concurrent.CompletableFuture$AsyncSupply.run(CompletableFuture.java:1768) [?:?]
	at java.base/java.util.concurrent.CompletableFuture$AsyncSupply.exec(CompletableFuture.java:1760) [?:?]
	at java.base/java.util.concurrent.ForkJoinTask.doExec(ForkJoinTask.java:507) [?:?]
	at java.base/java.util.concurrent.ForkJoinPool$WorkQueue.topLevelExec(ForkJoinPool.java:1489) [?:?]
	at java.base/java.util.concurrent.ForkJoinPool.scan(ForkJoinPool.java:2071) [?:?]
	at java.base/java.util.concurrent.ForkJoinPool.runWorker(ForkJoinPool.java:2033) [?:?]
	at java.base/java.util.concurrent.ForkJoinWorkerThread.run(ForkJoinWorkerThread.java:187) [?:?]
[19:27:38] [Worker-Main-11/WARN] (Minecraft) Texture swm:item/metal with size 65x65 limits mip level from 4 to 0
[19:27:38] [Worker-Main-11/WARN] (Minecraft) minecraft:textures/atlas/blocks.png: dropping miplevel from 4 to 0, because of minimum power of two: 1
[19:27:39] [Worker-Main-2/WARN] (Minecraft) Missing textures in model swm:lightsaber#inventory:
    minecraft:textures/atlas/blocks.png:swm:item/blades/white
[19:27:39] [Render thread/WARN] (Minecraft) Missing sound for event: minecraft:item.goat_horn.play
[19:27:39] [Render thread/WARN] (Minecraft) Missing sound for event: minecraft:entity.goat.screaming.horn_break
[19:27:39] [Render thread/INFO] (Minecraft) OpenAL initialized on device OpenAL Soft on Headphones (High Definition Audio Device)
[19:27:39] [Render thread/INFO] (Minecraft) Sound engine started
[19:27:39] [Render thread/INFO] (Minecraft) Created: 2048x1024x0 minecraft:textures/atlas/blocks.png-atlas
[19:27:39] [Render thread/INFO] (Minecraft) Created: 256x256x4 minecraft:textures/atlas/signs.png-atlas
[19:27:39] [Render thread/INFO] (Minecraft) Created: 512x512x4 minecraft:textures/atlas/shield_patterns.png-atlas
[19:27:39] [Render thread/INFO] (Minecraft) Created: 512x512x4 minecraft:textures/atlas/banner_patterns.png-atlas
[19:27:39] [Render thread/INFO] (Minecraft) Created: 1024x1024x4 minecraft:textures/atlas/armor_trims.png-atlas
[19:27:39] [Render thread/INFO] (Minecraft) Created: 256x256x4 minecraft:textures/atlas/chest.png-atlas
[19:27:39] [Render thread/INFO] (Minecraft) Created: 128x64x4 minecraft:textures/atlas/decorated_pot.png-atlas
[19:27:39] [Render thread/INFO] (Minecraft) Created: 512x256x4 minecraft:textures/atlas/shulker_boxes.png-atlas
[19:27:39] [Render thread/INFO] (Minecraft) Created: 512x256x4 minecraft:textures/atlas/beds.png-atlas
[19:27:40] [Render thread/INFO] (Minecraft) Created: 512x256x0 minecraft:textures/atlas/particles.png-atlas
[19:27:40] [Render thread/INFO] (Minecraft) Created: 512x256x0 minecraft:textures/atlas/paintings.png-atlas
[19:27:40] [Render thread/INFO] (Minecraft) Created: 256x128x0 minecraft:textures/atlas/mob_effects.png-atlas
[19:27:40] [Render thread/INFO] (Minecraft) Created: 64x64x0 minecraft:textures/atlas/map_decorations.png-atlas
[19:27:40] [Render thread/INFO] (Minecraft) Created: 1024x512x0 minecraft:textures/atlas/gui.png-atlas
[19:27:40] [Render thread/WARN] (Minecraft) Shader rendertype_entity_translucent_emissive could not find sampler named Sampler2 in the specified shader program.
[19:27:45] [Render thread/INFO] (Minecraft) Connecting to localhost, 25565
[19:28:04] [Render thread/INFO] (Minecraft) Connecting to localhost, 25565
